<?xml version="1.0" encoding="UTF-8"?>
<!-- Generated by org.testng.reporters.JUnitXMLReporter -->
<testsuite hostname="CBT-MH-000" name="Test" tests="6" failures="0" timestamp="31 Oct 2019 06:14:09 GMT" time="17.098" errors="0">
  <testcase name="listusers" time="5.692" classname="new_Package.Display_Username"/>
  <testcase name="listusers" time="2.108" classname="new_Package.whether"/>
  <testcase name="Block_users" time="0.686" classname="new_Package.Block_User"/>
  <testcase name="get_Tweet" time="6.197" classname="new_Package.HashTag"/>
  <testcase name="get_Tweet" time="0.588" classname="new_Package.twitter"/>
  <testcase name="search_Tweet" time="1.477" classname="new_Package.Search_Tweets"/>
</testsuite> <!-- Test -->
