<?xml version="1.0" encoding="UTF-8"?>
<testng-results skipped="0" failed="0" total="6" passed="6">
  <reporter-output>
  </reporter-output>
  <suite name="Suite" duration-ms="17098" started-at="2019-10-31T06:13:51Z" finished-at="2019-10-31T06:14:09Z">
    <groups>
    </groups>
    <test name="Test" duration-ms="17098" started-at="2019-10-31T06:13:51Z" finished-at="2019-10-31T06:14:09Z">
      <class name="new_Package.whether">
        <test-method status="PASS" signature="listusers()[pri:0, instance:new_Package.whether@21213b92]" name="listusers" duration-ms="2108" started-at="2019-10-31T11:43:57Z" finished-at="2019-10-31T11:44:00Z">
          <reporter-output>
          </reporter-output>
        </test-method> <!-- listusers -->
      </class> <!-- new_Package.whether -->
      <class name="new_Package.Display_Username">
        <test-method status="PASS" signature="listusers()[pri:0, instance:new_Package.Display_Username@71318ec4]" name="listusers" duration-ms="5692" started-at="2019-10-31T11:43:52Z" finished-at="2019-10-31T11:43:57Z">
          <reporter-output>
          </reporter-output>
        </test-method> <!-- listusers -->
      </class> <!-- new_Package.Display_Username -->
      <class name="new_Package.twitter">
        <test-method status="PASS" signature="get_Tweet()[pri:0, instance:new_Package.twitter@4e1d422d]" name="get_Tweet" duration-ms="588" started-at="2019-10-31T11:44:06Z" finished-at="2019-10-31T11:44:07Z">
          <reporter-output>
          </reporter-output>
        </test-method> <!-- get_Tweet -->
      </class> <!-- new_Package.twitter -->
      <class name="new_Package.Search_Tweets">
        <test-method status="PASS" signature="search_Tweet()[pri:0, instance:new_Package.Search_Tweets@66480dd7]" name="search_Tweet" duration-ms="1477" started-at="2019-10-31T11:44:07Z" finished-at="2019-10-31T11:44:09Z">
          <reporter-output>
          </reporter-output>
        </test-method> <!-- search_Tweet -->
      </class> <!-- new_Package.Search_Tweets -->
      <class name="new_Package.HashTag">
        <test-method status="PASS" signature="get_Tweet()[pri:0, instance:new_Package.HashTag@3327bd23]" name="get_Tweet" duration-ms="6197" started-at="2019-10-31T11:44:00Z" finished-at="2019-10-31T11:44:06Z">
          <reporter-output>
          </reporter-output>
        </test-method> <!-- get_Tweet -->
      </class> <!-- new_Package.HashTag -->
      <class name="new_Package.Block_User">
        <test-method status="PASS" signature="first()[pri:0, instance:new_Package.Block_User@a67c67e]" name="first" is-config="true" duration-ms="219" started-at="2019-10-31T11:43:51Z" finished-at="2019-10-31T11:43:52Z">
          <reporter-output>
          </reporter-output>
        </test-method> <!-- first -->
        <test-method status="PASS" signature="first()[pri:0, instance:new_Package.Display_Username@71318ec4]" name="first" is-config="true" duration-ms="16" started-at="2019-10-31T11:43:52Z" finished-at="2019-10-31T11:43:52Z">
          <reporter-output>
          </reporter-output>
        </test-method> <!-- first -->
        <test-method status="PASS" signature="first()[pri:0, instance:new_Package.HashTag@3327bd23]" name="first" is-config="true" duration-ms="15" started-at="2019-10-31T11:43:52Z" finished-at="2019-10-31T11:43:52Z">
          <reporter-output>
          </reporter-output>
        </test-method> <!-- first -->
        <test-method status="PASS" signature="first()[pri:0, instance:new_Package.twitter@4e1d422d]" name="first" is-config="true" duration-ms="0" started-at="2019-10-31T11:43:52Z" finished-at="2019-10-31T11:43:52Z">
          <reporter-output>
          </reporter-output>
        </test-method> <!-- first -->
        <test-method status="PASS" signature="first()[pri:0, instance:new_Package.Search_Tweets@66480dd7]" name="first" is-config="true" duration-ms="0" started-at="2019-10-31T11:43:52Z" finished-at="2019-10-31T11:43:52Z">
          <reporter-output>
          </reporter-output>
        </test-method> <!-- first -->
        <test-method status="PASS" signature="first()[pri:0, instance:new_Package.whether@21213b92]" name="first" is-config="true" duration-ms="16" started-at="2019-10-31T11:43:52Z" finished-at="2019-10-31T11:43:52Z">
          <reporter-output>
          </reporter-output>
        </test-method> <!-- first -->
        <test-method status="PASS" signature="Block_users()[pri:0, instance:new_Package.Block_User@a67c67e]" name="Block_users" duration-ms="686" started-at="2019-10-31T11:44:00Z" finished-at="2019-10-31T11:44:00Z">
          <reporter-output>
          </reporter-output>
        </test-method> <!-- Block_users -->
      </class> <!-- new_Package.Block_User -->
    </test> <!-- Test -->
  </suite> <!-- Suite -->
</testng-results>
